<?xml version="1.0" encoding="UTF-8"?>
<!-- Generated by org.testng.reporters.JUnitReportReporter -->
<testsuite skipped="0" hostname="EPINHYDW0957" name="com.epam.tests.LoginTest_001" tests="1" failures="0" timestamp="28 Nov 2019 12:26:11 GMT" time="7.684" errors="0">
  <testcase name="loginTest" time="7.684" classname="com.epam.tests.LoginTest_001"/>
</testsuite> <!-- com.epam.tests.LoginTest_001 -->
